2019-02-13 11:52:38,799 0      [           main] INFO  ClassPathXmlApplicationContext  - Refreshing org.springframework.context.support.ClassPathXmlApplicationContext@3fb6a447: startup date [Wed Feb 13 11:52:38 CST 2019]; root of context hierarchy
2019-02-13 11:52:39,018 219    [           main] INFO  ry.xml.XmlBeanDefinitionReader  - Loading XML bean definitions from class path resource [applicationContext.xml]
2019-02-13 11:52:40,669 1870   [           main] INFO         com.mchange.v2.log.MLog  - MLog clients using log4j logging.
2019-02-13 11:52:43,109 4310   [           main] INFO  m.mchange.v2.c3p0.C3P0Registry  - Initializing c3p0-0.9.1.2 [built 21-May-2007 15:04:56; debug? true; trace: 10]
2019-02-13 11:53:18,470 0      [           main] INFO  ClassPathXmlApplicationContext  - Refreshing org.springframework.context.support.ClassPathXmlApplicationContext@3fb6a447: startup date [Wed Feb 13 11:53:18 CST 2019]; root of context hierarchy
2019-02-13 11:53:18,626 156    [           main] INFO  ry.xml.XmlBeanDefinitionReader  - Loading XML bean definitions from class path resource [applicationContext.xml]
2019-02-13 11:53:20,148 1678   [           main] INFO         com.mchange.v2.log.MLog  - MLog clients using log4j logging.
2019-02-13 11:53:21,844 3374   [           main] INFO  m.mchange.v2.c3p0.C3P0Registry  - Initializing c3p0-0.9.1.2 [built 21-May-2007 15:04:56; debug? true; trace: 10]
2019-02-17 14:55:38,884 0      [ost-startStop-1] INFO  work.web.context.ContextLoader  - Root WebApplicationContext: initialization started
2019-02-17 14:55:39,025 141    [ost-startStop-1] INFO  pport.XmlWebApplicationContext  - Refreshing Root WebApplicationContext: startup date [Sun Feb 17 14:55:39 CST 2019]; root of context hierarchy
2019-02-17 14:55:39,115 231    [ost-startStop-1] INFO  ry.xml.XmlBeanDefinitionReader  - Loading XML bean definitions from class path resource [applicationContext.xml]
2019-02-17 14:55:40,398 1514   [ost-startStop-1] INFO  redAnnotationBeanPostProcessor  - JSR-330 'javax.inject.Inject' annotation found and supported for autowiring
2019-02-17 14:55:40,876 1992   [ost-startStop-1] INFO         com.mchange.v2.log.MLog  - MLog clients using log4j logging.
2019-02-17 14:55:40,941 2057   [ost-startStop-1] INFO  m.mchange.v2.c3p0.C3P0Registry  - Initializing c3p0-0.9.1.2 [built 21-May-2007 15:04:56; debug? true; trace: 10]
2019-02-17 14:55:42,151 3267   [ost-startStop-1] INFO  work.web.context.ContextLoader  - Root WebApplicationContext: initialization completed in 3238 ms
2019-02-17 14:55:42,324 3440   [ost-startStop-1] INFO  .web.servlet.DispatcherServlet  - FrameworkServlet 'dispatcherServlet': initialization started
2019-02-17 14:55:42,333 3449   [ost-startStop-1] INFO  pport.XmlWebApplicationContext  - Refreshing WebApplicationContext for namespace 'dispatcherServlet-servlet': startup date [Sun Feb 17 14:55:42 CST 2019]; parent: Root WebApplicationContext
2019-02-17 14:55:42,333 3449   [ost-startStop-1] INFO  ry.xml.XmlBeanDefinitionReader  - Loading XML bean definitions from class path resource [springmvc.xml]
2019-02-17 14:55:44,364 5480   [ost-startStop-1] INFO  redAnnotationBeanPostProcessor  - JSR-330 'javax.inject.Inject' annotation found and supported for autowiring
2019-02-17 14:58:17,181 0      [ost-startStop-1] INFO  work.web.context.ContextLoader  - Root WebApplicationContext: initialization started
2019-02-17 14:58:17,271 90     [ost-startStop-1] INFO  pport.XmlWebApplicationContext  - Refreshing Root WebApplicationContext: startup date [Sun Feb 17 14:58:17 CST 2019]; root of context hierarchy
2019-02-17 14:58:17,336 155    [ost-startStop-1] INFO  ry.xml.XmlBeanDefinitionReader  - Loading XML bean definitions from class path resource [applicationContext.xml]
2019-02-17 14:58:18,042 861    [ost-startStop-1] INFO  redAnnotationBeanPostProcessor  - JSR-330 'javax.inject.Inject' annotation found and supported for autowiring
2019-02-17 14:58:18,392 1211   [ost-startStop-1] INFO         com.mchange.v2.log.MLog  - MLog clients using log4j logging.
2019-02-17 14:58:18,472 1291   [ost-startStop-1] INFO  m.mchange.v2.c3p0.C3P0Registry  - Initializing c3p0-0.9.1.2 [built 21-May-2007 15:04:56; debug? true; trace: 10]
2019-02-17 14:58:19,757 2576   [ost-startStop-1] INFO  work.web.context.ContextLoader  - Root WebApplicationContext: initialization completed in 2574 ms
2019-02-17 14:58:19,816 2635   [ost-startStop-1] INFO  .web.servlet.DispatcherServlet  - FrameworkServlet 'dispatcherServlet': initialization started
2019-02-17 14:58:19,821 2640   [ost-startStop-1] INFO  pport.XmlWebApplicationContext  - Refreshing WebApplicationContext for namespace 'dispatcherServlet-servlet': startup date [Sun Feb 17 14:58:19 CST 2019]; parent: Root WebApplicationContext
2019-02-17 14:58:19,821 2640   [ost-startStop-1] INFO  ry.xml.XmlBeanDefinitionReader  - Loading XML bean definitions from class path resource [springmvc.xml]
2019-02-17 14:58:20,097 2916   [ost-startStop-1] INFO  redAnnotationBeanPostProcessor  - JSR-330 'javax.inject.Inject' annotation found and supported for autowiring
2019-02-17 14:58:20,806 3625   [ost-startStop-1] INFO  andler.SimpleUrlHandlerMapping  - Mapped URL path [/css/**] onto handler 'org.springframework.web.servlet.resource.ResourceHttpRequestHandler#0'
2019-02-17 14:58:20,842 3661   [ost-startStop-1] INFO  andler.SimpleUrlHandlerMapping  - Mapped URL path [/images/**] onto handler 'org.springframework.web.servlet.resource.ResourceHttpRequestHandler#1'
2019-02-17 14:58:20,853 3672   [ost-startStop-1] INFO  andler.SimpleUrlHandlerMapping  - Mapped URL path [/js/**] onto handler 'org.springframework.web.servlet.resource.ResourceHttpRequestHandler#2'
2019-02-17 14:58:20,932 3751   [ost-startStop-1] INFO  n.RequestMappingHandlerMapping  - Mapped "{[/account/saveAccount]}" onto public void com.itheima.controller.AccountController.saveAccount(com.itheima.domain.Account,javax.servlet.http.HttpServletRequest,javax.servlet.http.HttpServletResponse) throws java.io.IOException
2019-02-17 14:58:20,935 3754   [ost-startStop-1] INFO  n.RequestMappingHandlerMapping  - Mapped "{[/account/findAll]}" onto public java.lang.String com.itheima.controller.AccountController.findAll(org.springframework.ui.Model)
2019-02-17 14:58:21,200 4019   [ost-startStop-1] INFO  n.RequestMappingHandlerAdapter  - Looking for @ControllerAdvice: WebApplicationContext for namespace 'dispatcherServlet-servlet': startup date [Sun Feb 17 14:58:19 CST 2019]; parent: Root WebApplicationContext
2019-02-17 14:58:21,293 4112   [ost-startStop-1] INFO  n.RequestMappingHandlerAdapter  - Looking for @ControllerAdvice: WebApplicationContext for namespace 'dispatcherServlet-servlet': startup date [Sun Feb 17 14:58:19 CST 2019]; parent: Root WebApplicationContext
2019-02-17 14:58:21,449 4268   [ost-startStop-1] INFO  .web.servlet.DispatcherServlet  - FrameworkServlet 'dispatcherServlet': initialization completed in 1631 ms
2019-02-17 15:00:18,220 121039 [bio-8080-exec-9] INFO  l.AbstractPoolBackedDataSource  - Initializing c3p0 pool... com.mchange.v2.c3p0.ComboPooledDataSource [ acquireIncrement -> 3, acquireRetryAttempts -> 30, acquireRetryDelay -> 1000, autoCommitOnClose -> false, automaticTestTable -> null, breakAfterAcquireFailure -> false, checkoutTimeout -> 0, connectionCustomizerClassName -> null, connectionTesterClassName -> com.mchange.v2.c3p0.impl.DefaultConnectionTester, dataSourceName -> 1hgeby9a01xfntn41avcu9h|424c0d02, debugUnreturnedConnectionStackTraces -> false, description -> null, driverClass -> oracle.jdbc.driver.OracleDriver, factoryClassLocation -> null, forceIgnoreUnresolvedTransactions -> false, identityToken -> 1hgeby9a01xfntn41avcu9h|424c0d02, idleConnectionTestPeriod -> 0, initialPoolSize -> 3, jdbcUrl -> jdbc:oracle:thin:@192.168.106.10:1521:orcl, maxAdministrativeTaskTime -> 0, maxConnectionAge -> 0, maxIdleTime -> 0, maxIdleTimeExcessConnections -> 0, maxPoolSize -> 15, maxStatements -> 0, maxStatementsPerConnection -> 0, minPoolSize -> 3, numHelperThreads -> 3, numThreadsAwaitingCheckoutDefaultUser -> 0, preferredTestQuery -> null, properties -> {user=******, password=******}, propertyCycle -> 0, testConnectionOnCheckin -> false, testConnectionOnCheckout -> false, unreturnedConnectionTimeout -> 0, usesTraditionalReflectiveProxies -> false ]
2019-02-17 15:04:15,237 0      [ost-startStop-1] INFO  work.web.context.ContextLoader  - Root WebApplicationContext: initialization started
2019-02-17 15:04:15,508 271    [ost-startStop-1] INFO  pport.XmlWebApplicationContext  - Refreshing Root WebApplicationContext: startup date [Sun Feb 17 15:04:15 CST 2019]; root of context hierarchy
2019-02-17 15:04:15,627 390    [ost-startStop-1] INFO  ry.xml.XmlBeanDefinitionReader  - Loading XML bean definitions from class path resource [applicationContext.xml]
2019-02-17 15:04:18,360 3123   [ost-startStop-1] INFO  redAnnotationBeanPostProcessor  - JSR-330 'javax.inject.Inject' annotation found and supported for autowiring
2019-02-17 15:04:19,018 3781   [ost-startStop-1] INFO         com.mchange.v2.log.MLog  - MLog clients using log4j logging.
2019-02-17 15:04:19,147 3910   [ost-startStop-1] INFO  m.mchange.v2.c3p0.C3P0Registry  - Initializing c3p0-0.9.1.2 [built 21-May-2007 15:04:56; debug? true; trace: 10]
2019-02-17 15:04:20,932 5695   [ost-startStop-1] INFO  work.web.context.ContextLoader  - Root WebApplicationContext: initialization completed in 5672 ms
2019-02-17 15:04:21,048 5811   [ost-startStop-1] INFO  .web.servlet.DispatcherServlet  - FrameworkServlet 'dispatcherServlet': initialization started
2019-02-17 15:04:21,053 5816   [ost-startStop-1] INFO  pport.XmlWebApplicationContext  - Refreshing WebApplicationContext for namespace 'dispatcherServlet-servlet': startup date [Sun Feb 17 15:04:21 CST 2019]; parent: Root WebApplicationContext
2019-02-17 15:04:21,054 5817   [ost-startStop-1] INFO  ry.xml.XmlBeanDefinitionReader  - Loading XML bean definitions from class path resource [springmvc.xml]
2019-02-17 15:04:21,455 6218   [ost-startStop-1] INFO  redAnnotationBeanPostProcessor  - JSR-330 'javax.inject.Inject' annotation found and supported for autowiring
2019-02-17 15:04:21,981 6744   [ost-startStop-1] INFO  andler.SimpleUrlHandlerMapping  - Mapped URL path [/css/**] onto handler 'org.springframework.web.servlet.resource.ResourceHttpRequestHandler#0'
2019-02-17 15:04:22,031 6794   [ost-startStop-1] INFO  andler.SimpleUrlHandlerMapping  - Mapped URL path [/images/**] onto handler 'org.springframework.web.servlet.resource.ResourceHttpRequestHandler#1'
2019-02-17 15:04:22,044 6807   [ost-startStop-1] INFO  andler.SimpleUrlHandlerMapping  - Mapped URL path [/js/**] onto handler 'org.springframework.web.servlet.resource.ResourceHttpRequestHandler#2'
2019-02-17 15:04:22,182 6945   [ost-startStop-1] INFO  n.RequestMappingHandlerMapping  - Mapped "{[/account/findAll]}" onto public java.lang.String com.itheima.controller.AccountController.findAll(org.springframework.ui.Model)
2019-02-17 15:04:22,185 6948   [ost-startStop-1] INFO  n.RequestMappingHandlerMapping  - Mapped "{[/account/saveAccount]}" onto public void com.itheima.controller.AccountController.saveAccount(com.itheima.domain.Account,javax.servlet.http.HttpServletRequest,javax.servlet.http.HttpServletResponse) throws java.io.IOException
2019-02-17 15:04:22,455 7218   [ost-startStop-1] INFO  n.RequestMappingHandlerAdapter  - Looking for @ControllerAdvice: WebApplicationContext for namespace 'dispatcherServlet-servlet': startup date [Sun Feb 17 15:04:21 CST 2019]; parent: Root WebApplicationContext
2019-02-17 15:04:22,617 7380   [ost-startStop-1] INFO  n.RequestMappingHandlerAdapter  - Looking for @ControllerAdvice: WebApplicationContext for namespace 'dispatcherServlet-servlet': startup date [Sun Feb 17 15:04:21 CST 2019]; parent: Root WebApplicationContext
2019-02-17 15:04:22,860 7623   [ost-startStop-1] INFO  .web.servlet.DispatcherServlet  - FrameworkServlet 'dispatcherServlet': initialization completed in 1812 ms
2019-02-17 15:05:19,328 64091  [bio-8080-exec-4] INFO  l.AbstractPoolBackedDataSource  - Initializing c3p0 pool... com.mchange.v2.c3p0.ComboPooledDataSource [ acquireIncrement -> 3, acquireRetryAttempts -> 30, acquireRetryDelay -> 1000, autoCommitOnClose -> false, automaticTestTable -> null, breakAfterAcquireFailure -> false, checkoutTimeout -> 0, connectionCustomizerClassName -> null, connectionTesterClassName -> com.mchange.v2.c3p0.impl.DefaultConnectionTester, dataSourceName -> 1hgeby9a01xfvjxljl1gps|424c0d02, debugUnreturnedConnectionStackTraces -> false, description -> null, driverClass -> oracle.jdbc.driver.OracleDriver, factoryClassLocation -> null, forceIgnoreUnresolvedTransactions -> false, identityToken -> 1hgeby9a01xfvjxljl1gps|424c0d02, idleConnectionTestPeriod -> 0, initialPoolSize -> 3, jdbcUrl -> jdbc:oracle:thin:@192.168.106.10:1521:orcl, maxAdministrativeTaskTime -> 0, maxConnectionAge -> 0, maxIdleTime -> 0, maxIdleTimeExcessConnections -> 0, maxPoolSize -> 15, maxStatements -> 0, maxStatementsPerConnection -> 0, minPoolSize -> 3, numHelperThreads -> 3, numThreadsAwaitingCheckoutDefaultUser -> 0, preferredTestQuery -> null, properties -> {user=******, password=******}, propertyCycle -> 0, testConnectionOnCheckin -> false, testConnectionOnCheckout -> false, unreturnedConnectionTimeout -> 0, usesTraditionalReflectiveProxies -> false ]
2019-02-17 15:11:06,928 0      [ost-startStop-1] INFO  work.web.context.ContextLoader  - Root WebApplicationContext: initialization started
2019-02-17 15:11:07,038 110    [ost-startStop-1] INFO  pport.XmlWebApplicationContext  - Refreshing Root WebApplicationContext: startup date [Sun Feb 17 15:11:07 CST 2019]; root of context hierarchy
2019-02-17 15:11:07,116 188    [ost-startStop-1] INFO  ry.xml.XmlBeanDefinitionReader  - Loading XML bean definitions from class path resource [applicationContext.xml]
2019-02-17 15:11:07,913 985    [ost-startStop-1] INFO  redAnnotationBeanPostProcessor  - JSR-330 'javax.inject.Inject' annotation found and supported for autowiring
2019-02-17 15:11:08,256 1328   [ost-startStop-1] INFO         com.mchange.v2.log.MLog  - MLog clients using log4j logging.
2019-02-17 15:11:08,319 1391   [ost-startStop-1] INFO  m.mchange.v2.c3p0.C3P0Registry  - Initializing c3p0-0.9.1.2 [built 21-May-2007 15:04:56; debug? true; trace: 10]
2019-02-17 15:11:09,532 2604   [ost-startStop-1] INFO  work.web.context.ContextLoader  - Root WebApplicationContext: initialization completed in 2604 ms
2019-02-17 15:11:09,610 2682   [ost-startStop-1] INFO  .web.servlet.DispatcherServlet  - FrameworkServlet 'dispatcherServlet': initialization started
2019-02-17 15:11:09,610 2682   [ost-startStop-1] INFO  pport.XmlWebApplicationContext  - Refreshing WebApplicationContext for namespace 'dispatcherServlet-servlet': startup date [Sun Feb 17 15:11:09 CST 2019]; parent: Root WebApplicationContext
2019-02-17 15:11:09,610 2682   [ost-startStop-1] INFO  ry.xml.XmlBeanDefinitionReader  - Loading XML bean definitions from class path resource [springmvc.xml]
2019-02-17 15:11:09,845 2917   [ost-startStop-1] INFO  redAnnotationBeanPostProcessor  - JSR-330 'javax.inject.Inject' annotation found and supported for autowiring
2019-02-17 15:11:10,298 3370   [ost-startStop-1] INFO  andler.SimpleUrlHandlerMapping  - Mapped URL path [/css/**] onto handler 'org.springframework.web.servlet.resource.ResourceHttpRequestHandler#0'
2019-02-17 15:11:10,345 3417   [ost-startStop-1] INFO  andler.SimpleUrlHandlerMapping  - Mapped URL path [/images/**] onto handler 'org.springframework.web.servlet.resource.ResourceHttpRequestHandler#1'
2019-02-17 15:11:10,360 3432   [ost-startStop-1] INFO  andler.SimpleUrlHandlerMapping  - Mapped URL path [/js/**] onto handler 'org.springframework.web.servlet.resource.ResourceHttpRequestHandler#2'
2019-02-17 15:11:10,485 3557   [ost-startStop-1] INFO  n.RequestMappingHandlerMapping  - Mapped "{[/account/saveAccount]}" onto public void com.itheima.controller.AccountController.saveAccount(com.itheima.domain.Account,javax.servlet.http.HttpServletRequest,javax.servlet.http.HttpServletResponse) throws java.io.IOException
2019-02-17 15:11:10,485 3557   [ost-startStop-1] INFO  n.RequestMappingHandlerMapping  - Mapped "{[/account/findAll]}" onto public java.lang.String com.itheima.controller.AccountController.findAll(org.springframework.ui.Model)
2019-02-17 15:11:10,657 3729   [ost-startStop-1] INFO  n.RequestMappingHandlerAdapter  - Looking for @ControllerAdvice: WebApplicationContext for namespace 'dispatcherServlet-servlet': startup date [Sun Feb 17 15:11:09 CST 2019]; parent: Root WebApplicationContext
2019-02-17 15:11:10,751 3823   [ost-startStop-1] INFO  n.RequestMappingHandlerAdapter  - Looking for @ControllerAdvice: WebApplicationContext for namespace 'dispatcherServlet-servlet': startup date [Sun Feb 17 15:11:09 CST 2019]; parent: Root WebApplicationContext
2019-02-17 15:11:10,939 4011   [ost-startStop-1] INFO  .web.servlet.DispatcherServlet  - FrameworkServlet 'dispatcherServlet': initialization completed in 1329 ms
